<?xml version="1.0" encoding="UTF-8" standalone="no"?>
<testsuite failures="0" name="cucumber.runtime.formatter.JUnitFormatter" skipped="0" tests="3" time="0.645892">
<testcase classname="Test tagged hooks" name="This is first test" time="0.642704">
<system-out><![CDATA[Given this is the first step................................................passed
When this is the second step................................................passed
Then this is the third step.................................................passed
]]></system-out>
</testcase>
<testcase classname="Test tagged hooks" name="This is second test" time="0.001785">
<system-out><![CDATA[Given this is the first step................................................passed
When this is the second step................................................passed
Then this is the third step.................................................passed
]]></system-out>
</testcase>
<testcase classname="Test tagged hooks" name="This is thrid test" time="0.001403">
<system-out><![CDATA[Given this is the first step................................................passed
When this is the second step................................................passed
Then this is the third step.................................................passed
]]></system-out>
</testcase>
</testsuite>
